e:\hevc_var\build\vc2015\x64\debug\tlibencoder\tlibencoder.pdb
e:\hevc_var\build\vc2015\x64\debug\tlibencoder\tlibencoder.idb
e:\hevc_var\build\vc2015\x64\debug\tlibencoder\nalwrite.obj
e:\hevc_var\build\vc2015\x64\debug\tlibencoder\seiencoder.obj
e:\hevc_var\build\vc2015\x64\debug\tlibencoder\seiwrite.obj
e:\hevc_var\build\vc2015\x64\debug\tlibencoder\syntaxelementwriter.obj
e:\hevc_var\build\vc2015\x64\debug\tlibencoder\tencbincodercabac.obj
e:\hevc_var\build\vc2015\x64\debug\tlibencoder\tencbincodercabaccounter.obj
e:\hevc_var\build\vc2015\x64\debug\tlibencoder\tenccavlc.obj
e:\hevc_var\build\vc2015\x64\debug\tlibencoder\tenccu.obj
e:\hevc_var\build\vc2015\x64\debug\tlibencoder\tencentropy.obj
e:\hevc_var\build\vc2015\x64\debug\tlibencoder\tencgop.obj
e:\hevc_var\build\vc2015\x64\debug\tlibencoder\tencpic.obj
e:\hevc_var\build\vc2015\x64\debug\tlibencoder\tencpreanalyzer.obj
e:\hevc_var\build\vc2015\x64\debug\tlibencoder\tencratectrl.obj
e:\hevc_var\build\vc2015\x64\debug\tlibencoder\tencsampleadaptiveoffset.obj
e:\hevc_var\build\vc2015\x64\debug\tlibencoder\tencsbac.obj
e:\hevc_var\build\vc2015\x64\debug\tlibencoder\tencsearch.obj
e:\hevc_var\build\vc2015\x64\debug\tlibencoder\tencslice.obj
e:\hevc_var\build\vc2015\x64\debug\tlibencoder\tenctop.obj
e:\hevc_var\build\vc2015\x64\debug\tlibencoder\weightpredanalysis.obj
e:\hevc_var\build\vc2015\x64\debug\tlibencoder\tlibencoder.lib
e:\hevc_var\build\\vc2015\x64\debug\tlibencoder\tlibencoder.pdb
e:\hevc_var\build\\vc2015\x64\debug\tlibencoder\tlibencoder.lib
e:\hevc_var\build\vc2015\x64\debug\tlibencoder\tlibencoder.tlog\cl.command.1.tlog
e:\hevc_var\build\vc2015\x64\debug\tlibencoder\tlibencoder.tlog\cl.read.1.tlog
e:\hevc_var\build\vc2015\x64\debug\tlibencoder\tlibencoder.tlog\cl.write.1.tlog
e:\hevc_var\build\vc2015\x64\debug\tlibencoder\tlibencoder.tlog\lib-link.read.1.tlog
e:\hevc_var\build\vc2015\x64\debug\tlibencoder\tlibencoder.tlog\lib-link.write.1.tlog
e:\hevc_var\build\vc2015\x64\debug\tlibencoder\tlibencoder.tlog\lib.command.1.tlog
